<?xml version="1.0" encoding="UTF-8"?>
<!-- Generated by org.testng.reporters.JUnitReportReporter -->
<testsuite hostname="DESKTOP-07935JK" failures="0" tests="1" name="javaCoding.StringMultiplication" time="0.013" errors="0" timestamp="2024-09-07T16:54:40 IST" skipped="0">
  <testcase classname="javaCoding.StringMultiplication" name="StringMultiplicationMethod" time="0.013"/>
</testsuite> <!-- javaCoding.StringMultiplication -->
