<?xml version="1.0" encoding="UTF-8"?>
<!-- Generated by org.testng.reporters.JUnitReportReporter -->
<testsuite hostname="DESKTOP-07935JK" failures="0" tests="1" name="restAssured.RestAssured" time="0.009" errors="0" timestamp="2024-08-18T12:24:17 IST" skipped="0">
  <testcase classname="restAssured.RestAssured" name="testing" time="0.009"/>
</testsuite> <!-- restAssured.RestAssured -->
