<?xml version="1.0" encoding="UTF-8"?>
<!-- Generated by org.testng.reporters.JUnitReportReporter -->
<testsuite hostname="DESKTOP-07935JK" failures="0" tests="9" name="testNG.TestNgAnnotations" time="0.053" errors="0" timestamp="2024-09-21T15:37:50 IST" skipped="0">
  <testcase classname="testNG.TestNgAnnotations" name="dataProviderTest" time="0.000"/>
  <testcase classname="testNG.TestNgAnnotations" name="invocationCount" time="0.000"/>
  <testcase classname="testNG.TestNgAnnotations" name="parameters" time="0.015"/>
  <testcase classname="testNG.TestNgAnnotations" name="parametersOptional" time="0.005"/>
  <testcase classname="testNG.TestNgAnnotations" name="invocationCount" time="0.002"/>
  <testcase classname="testNG.TestNgAnnotations" name="dataProviderTest" time="0.015"/>
  <testcase classname="testNG.TestNgAnnotations" name="dependsOnMethods" time="0.005"/>
  <testcase classname="testNG.TestNgAnnotations" name="invocationCount" time="0.007"/>
  <testcase classname="testNG.TestNgAnnotations" name="enabled" time="0.004"/>
</testsuite> <!-- testNG.TestNgAnnotations -->
