<?xml version="1.0" encoding="UTF-8"?>
<!-- Generated by org.testng.reporters.JUnitReportReporter -->
<testsuite hostname="DESKTOP-07935JK" failures="0" tests="1" name="restAssured.RomanToNumber" time="0.007" errors="0" timestamp="2024-08-11T22:46:18 IST" skipped="0">
  <testcase classname="restAssured.RomanToNumber" name="romanToNumer" time="0.007"/>
</testsuite> <!-- restAssured.RomanToNumber -->
