<?xml version="1.0" encoding="UTF-8"?>
<!-- Generated by org.testng.reporters.JUnitReportReporter -->
<testsuite hostname="DESKTOP-07935JK" failures="0" tests="5" name="restAssuredDemo.Rest" time="4.595" errors="0" timestamp="2024-08-18T12:25:32 IST" skipped="0">
  <testcase classname="restAssuredDemo.Rest" name="restCheck" time="2.058"/>
  <testcase classname="restAssuredDemo.Rest" name="GetJsonArrayData" time="0.326"/>
  <testcase classname="restAssuredDemo.Rest" name="PostMethod" time="0.881"/>
  <testcase classname="restAssuredDemo.Rest" name="DeleteMethod" time="0.615"/>
  <testcase classname="restAssuredDemo.Rest" name="PutMethod" time="0.715"/>
</testsuite> <!-- restAssuredDemo.Rest -->
