<?xml version="1.0" encoding="UTF-8"?>
<!-- Generated by org.testng.reporters.JUnitReportReporter -->
<testsuite hostname="DESKTOP-07935JK" failures="0" tests="5" name="restAssuredDemo.Rest" time="4.917" errors="0" timestamp="2024-09-21T15:24:35 IST" skipped="0">
  <testcase classname="restAssuredDemo.Rest" name="restCheck" time="2.018"/>
  <testcase classname="restAssuredDemo.Rest" name="GetJsonArrayData" time="1.171"/>
  <testcase classname="restAssuredDemo.Rest" name="PostMethod" time="0.520"/>
  <testcase classname="restAssuredDemo.Rest" name="DeleteMethod" time="0.805"/>
  <testcase classname="restAssuredDemo.Rest" name="PutMethod" time="0.403"/>
</testsuite> <!-- restAssuredDemo.Rest -->
