<?xml version="1.0" encoding="UTF-8"?>
<!-- Generated by org.testng.reporters.JUnitReportReporter -->
<testsuite hostname="DESKTOP-07935JK" failures="0" tests="4" name="restAssured.RestAuthentication" time="7.508" errors="0" timestamp="2024-08-17T17:17:28 IST" skipped="0">
  <testcase classname="restAssured.RestAuthentication" name="restBasicAuthentication" time="3.815"/>
  <testcase classname="restAssured.RestAuthentication" name="bearerTokenAuth" time="0.908"/>
  <testcase classname="restAssured.RestAuthentication" name="OAuth2" time="0.582"/>
  <testcase classname="restAssured.RestAuthentication" name="restBasicAuthenticationWithGivenWhen" time="2.203"/>
</testsuite> <!-- restAssured.RestAuthentication -->
