<?xml version="1.0" encoding="UTF-8"?>
<!-- Generated by org.testng.reporters.JUnitReportReporter -->
<testsuite hostname="DESKTOP-07935JK" failures="0" tests="5" name="restAssuredDemo.Rest" time="4.665" errors="0" timestamp="2024-08-17T17:07:38 IST" skipped="0">
  <testcase classname="restAssuredDemo.Rest" name="restCheck" time="2.194"/>
  <testcase classname="restAssuredDemo.Rest" name="GetJsonArrayData" time="0.355"/>
  <testcase classname="restAssuredDemo.Rest" name="PostMethod" time="0.817"/>
  <testcase classname="restAssuredDemo.Rest" name="DeleteMethod" time="0.623"/>
  <testcase classname="restAssuredDemo.Rest" name="PutMethod" time="0.676"/>
</testsuite> <!-- restAssuredDemo.Rest -->
