<?xml version="1.0" encoding="UTF-8"?>
<!-- Generated by org.testng.reporters.JUnitReportReporter -->
<testsuite hostname="DESKTOP-07935JK" failures="0" tests="1" name="restAssuredDemo.Rest" time="1.831" errors="0" timestamp="2024-08-08T08:15:43 IST" skipped="0">
  <testcase classname="restAssuredDemo.Rest" name="restCheck" time="1.831"/>
</testsuite> <!-- restAssuredDemo.Rest -->
