<?xml version="1.0" encoding="UTF-8"?>
<!-- Generated by org.testng.reporters.JUnitReportReporter -->
<testsuite hostname="DESKTOP-07935JK" failures="0" tests="2" name="stepDefinitions.BddTestNgRunnerClass" time="14.443" errors="0" timestamp="2024-10-06T15:48:11 IST" skipped="0">
  <testcase classname="stepDefinitions.BddTestNgRunnerClass" name="runScenario" time="8.430"/>
  <testcase classname="stepDefinitions.BddTestNgRunnerClass" name="runScenario" time="6.013"/>
</testsuite> <!-- stepDefinitions.BddTestNgRunnerClass -->
