<?xml version="1.0" encoding="UTF-8"?>
<!-- Generated by org.testng.reporters.JUnitReportReporter -->
<testsuite hostname="DESKTOP-07935JK" failures="0" tests="2" name="javaCoding.FirstRepeatingAndNonRepeating" time="0.012" errors="0" timestamp="2024-10-19T10:47:32 IST" skipped="0">
  <testcase classname="javaCoding.FirstRepeatingAndNonRepeating" name="firstUniqChar" time="0.002"/>
  <testcase classname="javaCoding.FirstRepeatingAndNonRepeating" name="firstRepeatedChar" time="0.010"/>
</testsuite> <!-- javaCoding.FirstRepeatingAndNonRepeating -->
