<?xml version="1.0" encoding="UTF-8"?>
<!-- Generated by org.testng.reporters.JUnitReportReporter -->
<testsuite hostname="DESKTOP-07935JK" failures="0" tests="1" name="restAssured.RomanToNumber" time="0.014" errors="0" timestamp="2024-08-17T18:01:43 IST" skipped="0">
  <testcase classname="restAssured.RomanToNumber" name="romanToNumer" time="0.014"/>
</testsuite> <!-- restAssured.RomanToNumber -->
