<?xml version="1.0" encoding="UTF-8"?>
<!-- Generated by org.testng.reporters.JUnitReportReporter -->
<testsuite hostname="DESKTOP-07935JK" failures="0" tests="1" name="javaCoding.SortCharactersByFrequency" time="0.008" errors="0" timestamp="2024-09-01T18:15:35 IST" skipped="0">
  <testcase classname="javaCoding.SortCharactersByFrequency" name="sortChars" time="0.008"/>
</testsuite> <!-- javaCoding.SortCharactersByFrequency -->
