<?xml version="1.0" encoding="UTF-8"?>
<!-- Generated by org.testng.reporters.JUnitReportReporter -->
<testsuite hostname="DESKTOP-07935JK" failures="0" tests="1" name="javaCoding.VowelsAndConsonants" time="0.015" errors="0" timestamp="2024-08-22T16:28:03 IST" skipped="0">
  <testcase classname="javaCoding.VowelsAndConsonants" name="VowelsAndConsonantsMeth" time="0.015"/>
</testsuite> <!-- javaCoding.VowelsAndConsonants -->
