<?xml version="1.0" encoding="UTF-8"?>
<!-- Generated by org.testng.reporters.JUnitReportReporter -->
<testsuite hostname="DESKTOP-07935JK" failures="0" tests="1" name="javaCoding.LengthOfLastWord" time="0.015" errors="0" timestamp="2024-09-07T16:46:50 IST" skipped="0">
  <testcase classname="javaCoding.LengthOfLastWord" name="LengthOfLastWordInString" time="0.015"/>
</testsuite> <!-- javaCoding.LengthOfLastWord -->
