<?xml version="1.0" encoding="UTF-8"?>
<!-- Generated by org.testng.reporters.JUnitReportReporter -->
<testsuite hostname="DESKTOP-07935JK" failures="0" tests="2" name="stepDefinitions.BddTestNgRunnerClass" time="11.845" errors="0" timestamp="2024-10-06T16:02:35 IST" skipped="0">
  <testcase classname="stepDefinitions.BddTestNgRunnerClass" name="runScenario" time="5.695"/>
  <testcase classname="stepDefinitions.BddTestNgRunnerClass" name="runScenario" time="6.150"/>
</testsuite> <!-- stepDefinitions.BddTestNgRunnerClass -->
