<?xml version="1.0" encoding="UTF-8"?>
<!-- Generated by org.testng.reporters.JUnitReportReporter -->
<testsuite hostname="DESKTOP-07935JK" failures="0" tests="1" name="javaCoding.ReverseWordsInString" time="0.018" errors="0" timestamp="2024-09-07T16:19:35 IST" skipped="0">
  <testcase classname="javaCoding.ReverseWordsInString" name="reverseWordsInString" time="0.018"/>
</testsuite> <!-- javaCoding.ReverseWordsInString -->
