<?xml version="1.0" encoding="UTF-8"?>
<!-- Generated by org.testng.reporters.JUnitReportReporter -->
<testsuite hostname="DESKTOP-07935JK" failures="0" tests="1" name="javaCoding.SortCharactersByFrequency" time="0.009" errors="0" timestamp="2024-10-17T07:59:52 IST" skipped="0">
  <testcase classname="javaCoding.SortCharactersByFrequency" name="sortChars" time="0.009"/>
</testsuite> <!-- javaCoding.SortCharactersByFrequency -->
