<?xml version="1.0" encoding="UTF-8"?>
<!-- Generated by org.testng.reporters.JUnitReportReporter -->
<testsuite hostname="DESKTOP-07935JK" failures="0" tests="1" name="stepDefinitions.TestNgRunnerClass" time="6.600" errors="0" timestamp="2024-10-06T15:42:17 IST" skipped="0">
  <testcase classname="stepDefinitions.TestNgRunnerClass" name="runScenario" time="6.600"/>
</testsuite> <!-- stepDefinitions.TestNgRunnerClass -->
