<?xml version="1.0" encoding="UTF-8"?>
<!-- Generated by org.testng.reporters.JUnitReportReporter -->
<testsuite hostname="DESKTOP-07935JK" failures="0" tests="1" name="javaCoding.IndexoftheFirstOccurrenceInAString" time="0.013" errors="0" timestamp="2024-10-19T10:42:31 IST" skipped="0">
  <testcase classname="javaCoding.IndexoftheFirstOccurrenceInAString" name="testing" time="0.013"/>
</testsuite> <!-- javaCoding.IndexoftheFirstOccurrenceInAString -->
