<?xml version="1.0" encoding="UTF-8"?>
<!-- Generated by org.testng.reporters.JUnitReportReporter -->
<testsuite hostname="DESKTOP-07935JK" failures="0" tests="1" name="javaScriptExecutor.JavaScriptExecutorCommands" time="6.200" errors="0" timestamp="2024-08-22T15:59:42 IST" skipped="0">
  <testcase classname="javaScriptExecutor.JavaScriptExecutorCommands" name="ScrollToElement" time="6.200"/>
</testsuite> <!-- javaScriptExecutor.JavaScriptExecutorCommands -->
