<?xml version="1.0" encoding="UTF-8"?>
<!-- Generated by org.testng.reporters.JUnitReportReporter -->
<testsuite hostname="DESKTOP-07935JK" failures="0" tests="1" name="javaCoding.InformaticaRest" time="2.992" errors="0" timestamp="2024-10-19T13:12:34 IST" skipped="0">
  <testcase classname="javaCoding.InformaticaRest" name="getMethod" time="2.992"/>
</testsuite> <!-- javaCoding.InformaticaRest -->
