<?xml version="1.0" encoding="UTF-8"?>
<!-- Generated by org.testng.reporters.JUnitReportReporter -->
<testsuite hostname="DESKTOP-07935JK" failures="0" tests="3" name="javaCoding.interviewInfor" time="0.017" errors="0" timestamp="2024-10-18T19:39:40 IST" skipped="0">
  <testcase classname="javaCoding.interviewInfor" name="angramOptimatApproach" time="0.004"/>
  <testcase classname="javaCoding.interviewInfor" name="anagram" time="0.011"/>
  <testcase classname="javaCoding.interviewInfor" name="angramOptimatApproachs" time="0.002"/>
</testsuite> <!-- javaCoding.interviewInfor -->
