<?xml version="1.0" encoding="UTF-8"?>
<!-- Generated by org.testng.reporters.JUnitReportReporter -->
<testsuite hostname="DESKTOP-07935JK" failures="0" tests="1" name="javaCoding.ExcelSheetColumnNumber" time="0.020" errors="0" timestamp="2024-09-21T22:17:01 IST" skipped="0">
  <testcase classname="javaCoding.ExcelSheetColumnNumber" name="ExcelSheetColumnNumberMethod" time="0.020"/>
</testsuite> <!-- javaCoding.ExcelSheetColumnNumber -->
