<?xml version="1.0" encoding="UTF-8"?>
<!-- Generated by org.testng.reporters.JUnitReportReporter -->
<testsuite hostname="DESKTOP-07935JK" failures="0" tests="4" name="restAssured.RestAuthentication" time="7.948" errors="0" timestamp="2024-08-17T16:49:44 IST" skipped="0">
  <testcase classname="restAssured.RestAuthentication" name="restBasicAuthentication" time="3.738"/>
  <testcase classname="restAssured.RestAuthentication" name="bearerTokenAuth" time="1.143"/>
  <testcase classname="restAssured.RestAuthentication" name="OAuth2" time="0.896"/>
  <testcase classname="restAssured.RestAuthentication" name="restBasicAuthenticationWithGivenWhen" time="2.171"/>
</testsuite> <!-- restAssured.RestAuthentication -->
