<?xml version="1.0" encoding="UTF-8"?>
<!-- Generated by org.testng.reporters.JUnitReportReporter -->
<testsuite hostname="DESKTOP-07935JK" failures="0" tests="5" name="restAssuredDemo.Rest" time="4.682" errors="0" timestamp="2024-08-17T17:18:57 IST" skipped="0">
  <testcase classname="restAssuredDemo.Rest" name="restCheck" time="2.384"/>
  <testcase classname="restAssuredDemo.Rest" name="GetJsonArrayData" time="0.375"/>
  <testcase classname="restAssuredDemo.Rest" name="PostMethod" time="0.629"/>
  <testcase classname="restAssuredDemo.Rest" name="DeleteMethod" time="0.631"/>
  <testcase classname="restAssuredDemo.Rest" name="PutMethod" time="0.663"/>
</testsuite> <!-- restAssuredDemo.Rest -->
