<?xml version="1.0" encoding="UTF-8"?>
<!-- Generated by org.testng.reporters.JUnitReportReporter -->
<testsuite hostname="DESKTOP-07935JK" failures="0" tests="5" name="restAssuredDemo.Rest" time="3.521" errors="0" timestamp="2024-09-21T15:38:46 IST" skipped="0">
  <testcase classname="restAssuredDemo.Rest" name="restCheck" time="2.066"/>
  <testcase classname="restAssuredDemo.Rest" name="GetJsonArrayData" time="0.188"/>
  <testcase classname="restAssuredDemo.Rest" name="PostMethod" time="0.499"/>
  <testcase classname="restAssuredDemo.Rest" name="DeleteMethod" time="0.363"/>
  <testcase classname="restAssuredDemo.Rest" name="PutMethod" time="0.405"/>
</testsuite> <!-- restAssuredDemo.Rest -->
