<?xml version="1.0" encoding="UTF-8"?>
<!-- Generated by org.testng.reporters.JUnitReportReporter -->
<testsuite hostname="DESKTOP-07935JK" failures="0" tests="5" name="restAssuredDemo.Rest" time="4.298" errors="0" timestamp="2024-08-18T12:28:26 IST" skipped="0">
  <testcase classname="restAssuredDemo.Rest" name="restCheck" time="1.991"/>
  <testcase classname="restAssuredDemo.Rest" name="GetJsonArrayData" time="0.287"/>
  <testcase classname="restAssuredDemo.Rest" name="PostMethod" time="0.722"/>
  <testcase classname="restAssuredDemo.Rest" name="DeleteMethod" time="0.613"/>
  <testcase classname="restAssuredDemo.Rest" name="PutMethod" time="0.685"/>
</testsuite> <!-- restAssuredDemo.Rest -->
