<?xml version="1.0" encoding="UTF-8"?>
<!-- Generated by org.testng.reporters.JUnitReportReporter -->
<testsuite hostname="DESKTOP-07935JK" failures="0" tests="5" name="restAssuredDemo.Rest" time="5.073" errors="0" timestamp="2024-08-22T16:06:08 IST" skipped="0">
  <testcase classname="restAssuredDemo.Rest" name="restCheck" time="2.472"/>
  <testcase classname="restAssuredDemo.Rest" name="GetJsonArrayData" time="0.397"/>
  <testcase classname="restAssuredDemo.Rest" name="PostMethod" time="0.897"/>
  <testcase classname="restAssuredDemo.Rest" name="DeleteMethod" time="0.621"/>
  <testcase classname="restAssuredDemo.Rest" name="PutMethod" time="0.686"/>
</testsuite> <!-- restAssuredDemo.Rest -->
