<?xml version="1.0" encoding="UTF-8"?>
<!-- Generated by org.testng.reporters.JUnitReportReporter -->
<testsuite hostname="DESKTOP-07935JK" failures="0" tests="5" name="restAssuredDemo.Rest" time="5.152" errors="0" timestamp="2024-08-18T12:40:45 IST" skipped="0">
  <testcase classname="restAssuredDemo.Rest" name="restCheck" time="2.672"/>
  <testcase classname="restAssuredDemo.Rest" name="GetJsonArrayData" time="0.361"/>
  <testcase classname="restAssuredDemo.Rest" name="PostMethod" time="0.805"/>
  <testcase classname="restAssuredDemo.Rest" name="DeleteMethod" time="0.618"/>
  <testcase classname="restAssuredDemo.Rest" name="PutMethod" time="0.696"/>
</testsuite> <!-- restAssuredDemo.Rest -->
