<?xml version="1.0" encoding="UTF-8"?>
<!-- Generated by org.testng.reporters.JUnitReportReporter -->
<testsuite hostname="DESKTOP-07935JK" failures="0" tests="1" name="restAssured.RestAssured" time="0.003" errors="0" timestamp="2024-08-17T17:18:57 IST" skipped="0">
  <testcase classname="restAssured.RestAssured" name="testing" time="0.003"/>
</testsuite> <!-- restAssured.RestAssured -->
