<?xml version="1.0" encoding="UTF-8"?>
<!-- Generated by org.testng.reporters.JUnitReportReporter -->
<testsuite hostname="DESKTOP-07935JK" failures="0" tests="9" name="testNG.TestNgAnnotations" time="0.000" errors="0" timestamp="2024-09-21T15:38:46 IST" skipped="0">
  <testcase classname="testNG.TestNgAnnotations" name="parameters" time="0.000"/>
  <testcase classname="testNG.TestNgAnnotations" name="invocationCount" time="0.000"/>
  <testcase classname="testNG.TestNgAnnotations" name="invocationCount" time="0.000"/>
  <testcase classname="testNG.TestNgAnnotations" name="parametersOptional" time="0.000"/>
  <testcase classname="testNG.TestNgAnnotations" name="dependsOnMethods" time="0.000"/>
  <testcase classname="testNG.TestNgAnnotations" name="invocationCount" time="0.000"/>
  <testcase classname="testNG.TestNgAnnotations" name="dataProviderTest" time="0.000"/>
  <testcase classname="testNG.TestNgAnnotations" name="dataProviderTest" time="0.000"/>
  <testcase classname="testNG.TestNgAnnotations" name="enabled" time="0.000"/>
</testsuite> <!-- testNG.TestNgAnnotations -->
