<?xml version="1.0" encoding="UTF-8"?>
<!-- Generated by org.testng.reporters.JUnitReportReporter -->
<testsuite hostname="DESKTOP-07935JK" failures="0" tests="4" name="restAssured.RestAuthentication" time="5.744" errors="0" timestamp="2024-08-17T17:18:57 IST" skipped="0">
  <testcase classname="restAssured.RestAuthentication" name="restBasicAuthentication" time="2.240"/>
  <testcase classname="restAssured.RestAuthentication" name="bearerTokenAuth" time="0.682"/>
  <testcase classname="restAssured.RestAuthentication" name="OAuth2" time="0.654"/>
  <testcase classname="restAssured.RestAuthentication" name="restBasicAuthenticationWithGivenWhen" time="2.168"/>
</testsuite> <!-- restAssured.RestAuthentication -->
